  GEN runtime/primitives
  GEN runtime/prims.c
  GEN runtime/caml/opnames.h
  GEN runtime/caml/jumptbl.h
  CC runtime/sak.o
  MKEXE runtime/sak
  GEN runtime/build_config.h
  CC runtime/prims.o
  CC runtime/addrmap.b.o
  CC runtime/afl.b.o
  CC runtime/alloc.b.o
  CC runtime/array.b.o
  CC runtime/backtrace.b.o
  CC runtime/bigarray.b.o
  CC runtime/blake2.b.o
  CC runtime/callback.b.o
  CC runtime/codefrag.b.o
  CC runtime/compare.b.o
  CC runtime/custom.b.o
  CC runtime/debugger.b.o
  CC runtime/domain.b.o
  CC runtime/dynlink.b.o
  CC runtime/extern.b.o
  CC runtime/fail.b.o
  CC runtime/fiber.b.o
  CC runtime/finalise.b.o
  CC runtime/floats.b.o
  CC runtime/gc_ctrl.b.o
  CC runtime/gc_stats.b.o
  CC runtime/globroots.b.o
  CC runtime/hash.b.o
  CC runtime/intern.b.o
  CC runtime/ints.b.o
  CC runtime/io.b.o
  CC runtime/lexing.b.o
  CC runtime/lf_skiplist.b.o
  CC runtime/main.b.o
  CC runtime/major_gc.b.o
  CC runtime/md5.b.o
  CC runtime/memory.b.o
  CC runtime/memprof.b.o
  CC runtime/meta.b.o
  CC runtime/minor_gc.b.o
  CC runtime/misc.b.o
  CC runtime/obj.b.o
  CC runtime/parsing.b.o
  CC runtime/platform.b.o
  CC runtime/printexc.b.o
  CC runtime/prng.b.o
  CC runtime/roots.b.o
  CC runtime/runtime_events.b.o
  CC runtime/shared_heap.b.o
  CC runtime/signals.b.o
  CC runtime/skiplist.b.o
  CC runtime/startup_aux.b.o
  CC runtime/str.b.o
  CC runtime/sync.b.o
  CC runtime/sys.b.o
  CC runtime/unix.b.o
  CC runtime/weak.b.o
  CC runtime/backtrace_byt.b.o
  CC runtime/fail_byt.b.o
  CC runtime/fix_code.b.o
  CC runtime/interp.b.o
  CC runtime/startup_byt.b.o
  CC runtime/zstd.b.o
  MKLIB runtime/libcamlrun.a
  MKEXE runtime/ocamlrun
cp runtime/ocamlrun boot/ocamlrun
make -C stdlib OCAMLRUN='$(ROOTDIR)/boot/ocamlrun' USE_BOOT_OCAMLC=true all
make[1] : on entre dans le répertoire « /home/shindere/src/ocaml/trunk/stdlib »
  OCAMLC camlinternalFormatBasics.cmi
  OCAMLC camlinternalFormatBasics.cmo
  OCAMLC stdlib.cmi
  OCAMLC stdlib.cmo
  OCAMLC stdlib__Either.cmi
  OCAMLC stdlib__Either.cmo
  OCAMLC stdlib__Sys.cmi
  OCAMLC stdlib__Sys.cmo
  OCAMLC stdlib__Int32.cmi
  OCAMLC stdlib__Obj.cmi
  OCAMLC stdlib__Obj.cmo
  OCAMLC stdlib__Type.cmi
  OCAMLC stdlib__Type.cmo
  OCAMLC stdlib__Atomic.cmi
  OCAMLC stdlib__Atomic.cmo
  OCAMLC camlinternalLazy.cmi
  OCAMLC camlinternalLazy.cmo
  OCAMLC stdlib__Lazy.cmi
  OCAMLC stdlib__Lazy.cmo
  OCAMLC stdlib__Seq.cmi
  OCAMLC stdlib__Seq.cmo
  OCAMLC stdlib__Option.cmi
  OCAMLC stdlib__Option.cmo
  OCAMLC stdlib__Result.cmi
  OCAMLC stdlib__Result.cmo
  OCAMLC stdlib__Bool.cmi
  OCAMLC stdlib__Bool.cmo
  OCAMLC stdlib__Char.cmi
  OCAMLC stdlib__Char.cmo
  OCAMLC stdlib__Uchar.cmi
  OCAMLC stdlib__Uchar.cmo
  OCAMLC stdlib__List.cmi
  OCAMLC stdlib__List.cmo
  OCAMLC stdlib__Int.cmi
  OCAMLC stdlib__Int.cmo
  OCAMLC stdlib__Bytes.cmi
  OCAMLC stdlib__Bytes.cmo
  OCAMLC stdlib__String.cmi
  OCAMLC stdlib__String.cmo
  OCAMLC stdlib__Unit.cmi
  OCAMLC stdlib__Unit.cmo
  OCAMLC stdlib__Marshal.cmi
  OCAMLC stdlib__Marshal.cmo
  OCAMLC stdlib__Array.cmi
  OCAMLC stdlib__Array.cmo
  OCAMLC stdlib__Float.cmi
  OCAMLC stdlib__Float.cmo
  OCAMLC stdlib__Int32.cmo
  OCAMLC stdlib__Int64.cmi
  OCAMLC stdlib__Int64.cmo
  OCAMLC stdlib__Nativeint.cmi
  OCAMLC stdlib__Nativeint.cmo
  OCAMLC stdlib__Lexing.cmi
  OCAMLC stdlib__Lexing.cmo
  OCAMLC stdlib__Parsing.cmi
  OCAMLC stdlib__Parsing.cmo
  OCAMLC stdlib__Set.cmi
  OCAMLC stdlib__Set.cmo
  OCAMLC stdlib__Map.cmi
  OCAMLC stdlib__Map.cmo
  OCAMLC stdlib__Stack.cmi
  OCAMLC stdlib__Stack.cmo
  OCAMLC stdlib__Queue.cmi
  OCAMLC stdlib__Queue.cmo
  OCAMLC stdlib__Buffer.cmi
  OCAMLC stdlib__Buffer.cmo
  OCAMLC stdlib__Mutex.cmi
  OCAMLC stdlib__Mutex.cmo
  OCAMLC stdlib__Condition.cmi
  OCAMLC stdlib__Condition.cmo
  OCAMLC stdlib__Semaphore.cmi
  OCAMLC stdlib__Semaphore.cmo
  OCAMLC stdlib__Domain.cmi
  OCAMLC stdlib__Domain.cmo
  OCAMLC camlinternalFormat.cmi
  OCAMLC camlinternalFormat.cmo
  OCAMLC stdlib__Printf.cmi
  OCAMLC stdlib__Printf.cmo
  OCAMLC stdlib__Arg.cmi
  OCAMLC stdlib__Arg.cmo
  OCAMLC stdlib__Printexc.cmi
  OCAMLC stdlib__Printexc.cmo
  OCAMLC stdlib__Fun.cmi
  OCAMLC stdlib__Fun.cmo
  OCAMLC stdlib__Gc.cmi
  OCAMLC stdlib__Gc.cmo
  OCAMLC stdlib__Complex.cmi
  OCAMLC stdlib__Bigarray.cmi
  OCAMLC stdlib__In_channel.cmi
  OCAMLC stdlib__In_channel.cmo
  OCAMLC stdlib__Out_channel.cmi
  OCAMLC stdlib__Out_channel.cmo
  OCAMLC stdlib__Digest.cmi
  OCAMLC stdlib__Digest.cmo
  OCAMLC stdlib__Bigarray.cmo
  OCAMLC stdlib__Random.cmi
  OCAMLC stdlib__Random.cmo
  OCAMLC stdlib__Hashtbl.cmi
  OCAMLC stdlib__Hashtbl.cmo
  OCAMLC stdlib__Weak.cmi
  OCAMLC stdlib__Weak.cmo
  OCAMLC stdlib__Format.cmi
  OCAMLC stdlib__Format.cmo
  OCAMLC stdlib__Scanf.cmi
  OCAMLC stdlib__Scanf.cmo
  OCAMLC stdlib__Callback.cmi
  OCAMLC stdlib__Callback.cmo
  OCAMLC camlinternalOO.cmi
  OCAMLC camlinternalOO.cmo
  OCAMLC stdlib__Oo.cmi
  OCAMLC stdlib__Oo.cmo
  OCAMLC camlinternalMod.cmi
  OCAMLC camlinternalMod.cmo
  OCAMLC stdlib__Dynarray.cmi
  OCAMLC stdlib__Dynarray.cmo
  OCAMLC stdlib__Ephemeron.cmi
  OCAMLC stdlib__Ephemeron.cmo
  OCAMLC stdlib__Filename.cmi
  OCAMLC stdlib__Filename.cmo
  OCAMLC stdlib__Complex.cmo
  OCAMLC stdlib__ArrayLabels.cmi
  OCAMLC stdlib__ArrayLabels.cmo
  OCAMLC stdlib__ListLabels.cmi
  OCAMLC stdlib__ListLabels.cmo
  OCAMLC stdlib__BytesLabels.cmi
  OCAMLC stdlib__BytesLabels.cmo
  OCAMLC stdlib__StringLabels.cmi
  OCAMLC stdlib__StringLabels.cmo
  OCAMLC stdlib__MoreLabels.cmi
  OCAMLC stdlib__MoreLabels.cmo
  OCAMLC stdlib__StdLabels.cmi
  OCAMLC stdlib__StdLabels.cmo
  OCAMLC stdlib__Effect.cmi
  OCAMLC stdlib__Effect.cmo
  LINKC stdlib.cma
  OCAMLC std_exit.cmi
  OCAMLC std_exit.cmo
  CC header.o
  MKEXE tmpheader.exe
strip tmpheader.exe
rm tmpheader.exe
make[1] : on quitte le répertoire « /home/shindere/src/ocaml/trunk/stdlib »
rm -f boot/libcamlrun.a boot/stdlib.cma boot/std_exit.cmo boot/*.cmi boot/runtime-launch-info
cp stdlib/stdlib.cma stdlib/std_exit.cmo stdlib/*.cmi stdlib/runtime-launch-info boot
cd boot; ln -sf ../runtime/libcamlrun.a .
make all
make[1] : on entre dans le répertoire « /home/shindere/src/ocaml/trunk »
  GEN runtime/ld.conf
  CC runtime/addrmap.bd.o
  CC runtime/afl.bd.o
  CC runtime/alloc.bd.o
  CC runtime/array.bd.o
  CC runtime/backtrace.bd.o
  CC runtime/bigarray.bd.o
  CC runtime/blake2.bd.o
  CC runtime/callback.bd.o
  CC runtime/codefrag.bd.o
  CC runtime/compare.bd.o
  CC runtime/custom.bd.o
  CC runtime/debugger.bd.o
  CC runtime/domain.bd.o
  CC runtime/dynlink.bd.o
  CC runtime/extern.bd.o
  CC runtime/fail.bd.o
  CC runtime/fiber.bd.o
  CC runtime/finalise.bd.o
  CC runtime/floats.bd.o
  CC runtime/gc_ctrl.bd.o
  CC runtime/gc_stats.bd.o
  CC runtime/globroots.bd.o
  CC runtime/hash.bd.o
  CC runtime/intern.bd.o
  CC runtime/ints.bd.o
  CC runtime/io.bd.o
  CC runtime/lexing.bd.o
  CC runtime/lf_skiplist.bd.o
  CC runtime/main.bd.o
  CC runtime/major_gc.bd.o
  CC runtime/md5.bd.o
  CC runtime/memory.bd.o
  CC runtime/memprof.bd.o
  CC runtime/meta.bd.o
  CC runtime/minor_gc.bd.o
  CC runtime/misc.bd.o
  CC runtime/obj.bd.o
  CC runtime/parsing.bd.o
  CC runtime/platform.bd.o
  CC runtime/printexc.bd.o
  CC runtime/prng.bd.o
  CC runtime/roots.bd.o
  CC runtime/runtime_events.bd.o
  CC runtime/shared_heap.bd.o
  CC runtime/signals.bd.o
  CC runtime/skiplist.bd.o
  CC runtime/startup_aux.bd.o
  CC runtime/str.bd.o
  CC runtime/sync.bd.o
  CC runtime/sys.bd.o
  CC runtime/unix.bd.o
  CC runtime/weak.bd.o
  CC runtime/backtrace_byt.bd.o
  CC runtime/fail_byt.bd.o
  CC runtime/fix_code.bd.o
  CC runtime/interp.bd.o
  CC runtime/startup_byt.bd.o
  CC runtime/zstd.bd.o
  CC runtime/instrtrace.bd.o
  MKLIB runtime/libcamlrund.a
  CC runtime/addrmap.bi.o
  CC runtime/afl.bi.o
  CC runtime/alloc.bi.o
  CC runtime/array.bi.o
  CC runtime/backtrace.bi.o
  CC runtime/bigarray.bi.o
  CC runtime/blake2.bi.o
  CC runtime/callback.bi.o
  CC runtime/codefrag.bi.o
  CC runtime/compare.bi.o
  CC runtime/custom.bi.o
  CC runtime/debugger.bi.o
  CC runtime/domain.bi.o
  CC runtime/dynlink.bi.o
  CC runtime/extern.bi.o
  CC runtime/fail.bi.o
  CC runtime/fiber.bi.o
  CC runtime/finalise.bi.o
  CC runtime/floats.bi.o
  CC runtime/gc_ctrl.bi.o
  CC runtime/gc_stats.bi.o
  CC runtime/globroots.bi.o
  CC runtime/hash.bi.o
  CC runtime/intern.bi.o
  CC runtime/ints.bi.o
  CC runtime/io.bi.o
  CC runtime/lexing.bi.o
  CC runtime/lf_skiplist.bi.o
  CC runtime/main.bi.o
  CC runtime/major_gc.bi.o
  CC runtime/md5.bi.o
  CC runtime/memory.bi.o
  CC runtime/memprof.bi.o
  CC runtime/meta.bi.o
  CC runtime/minor_gc.bi.o
  CC runtime/misc.bi.o
  CC runtime/obj.bi.o
  CC runtime/parsing.bi.o
  CC runtime/platform.bi.o
  CC runtime/printexc.bi.o
  CC runtime/prng.bi.o
  CC runtime/roots.bi.o
  CC runtime/runtime_events.bi.o
  CC runtime/shared_heap.bi.o
  CC runtime/signals.bi.o
  CC runtime/skiplist.bi.o
  CC runtime/startup_aux.bi.o
  CC runtime/str.bi.o
  CC runtime/sync.bi.o
  CC runtime/sys.bi.o
  CC runtime/unix.bi.o
  CC runtime/weak.bi.o
  CC runtime/backtrace_byt.bi.o
  CC runtime/fail_byt.bi.o
  CC runtime/fix_code.bi.o
  CC runtime/interp.bi.o
  CC runtime/startup_byt.bi.o
  CC runtime/zstd.bi.o
  MKLIB runtime/libcamlruni.a
  CC runtime/addrmap.bpic.o
  CC runtime/afl.bpic.o
  CC runtime/alloc.bpic.o
  CC runtime/array.bpic.o
  CC runtime/backtrace.bpic.o
  CC runtime/bigarray.bpic.o
  CC runtime/blake2.bpic.o
  CC runtime/callback.bpic.o
  CC runtime/codefrag.bpic.o
  CC runtime/compare.bpic.o
  CC runtime/custom.bpic.o
  CC runtime/debugger.bpic.o
  CC runtime/domain.bpic.o
  CC runtime/dynlink.bpic.o
  CC runtime/extern.bpic.o
  CC runtime/fail.bpic.o
  CC runtime/fiber.bpic.o
  CC runtime/finalise.bpic.o
  CC runtime/floats.bpic.o
  CC runtime/gc_ctrl.bpic.o
  CC runtime/gc_stats.bpic.o
  CC runtime/globroots.bpic.o
  CC runtime/hash.bpic.o
  CC runtime/intern.bpic.o
  CC runtime/ints.bpic.o
  CC runtime/io.bpic.o
  CC runtime/lexing.bpic.o
  CC runtime/lf_skiplist.bpic.o
  CC runtime/main.bpic.o
  CC runtime/major_gc.bpic.o
  CC runtime/md5.bpic.o
  CC runtime/memory.bpic.o
  CC runtime/memprof.bpic.o
  CC runtime/meta.bpic.o
  CC runtime/minor_gc.bpic.o
  CC runtime/misc.bpic.o
  CC runtime/obj.bpic.o
  CC runtime/parsing.bpic.o
  CC runtime/platform.bpic.o
  CC runtime/printexc.bpic.o
  CC runtime/prng.bpic.o
  CC runtime/roots.bpic.o
  CC runtime/runtime_events.bpic.o
  CC runtime/shared_heap.bpic.o
  CC runtime/signals.bpic.o
  CC runtime/skiplist.bpic.o
  CC runtime/startup_aux.bpic.o
  CC runtime/str.bpic.o
  CC runtime/sync.bpic.o
  CC runtime/sys.bpic.o
  CC runtime/unix.bpic.o
  CC runtime/weak.bpic.o
  CC runtime/backtrace_byt.bpic.o
  CC runtime/fail_byt.bpic.o
  CC runtime/fix_code.bpic.o
  CC runtime/interp.bpic.o
  CC runtime/startup_byt.bpic.o
  CC runtime/zstd.bpic.o
  MKLIB runtime/libcamlrun_pic.a
  MKDLL runtime/libcamlrun_shared.so
  MKEXE runtime/ocamlrund
  MKEXE runtime/ocamlruni
cd stdlib; ln -sf ../runtime/libcamlrun.a .
make ocamlc
make[2] : on entre dans le répertoire « /home/shindere/src/ocaml/trunk »
  OCAMLC utils/config.cmi
  OCAMLC utils/build_path_prefix_map.cmi
  OCAMLC utils/format_doc.cmi
  OCAMLC utils/misc.cmi
  OCAMLC utils/identifiable.cmi
  OCAMLC utils/numbers.cmi
  OCAMLC utils/arg_helper.cmi
  OCAMLC utils/local_store.cmi
  OCAMLC utils/load_path.cmi
  OCAMLC utils/profile.cmi
  OCAMLC utils/clflags.cmi
  OCAMLC utils/terminfo.cmi
  OCAMLC utils/ccomp.cmi
  OCAMLC utils/warnings.cmi
  OCAMLC utils/consistbl.cmi
  OCAMLC utils/linkdeps.cmi
  OCAMLC utils/strongly_connected_components.cmi
  OCAMLC utils/targetint.cmi
  OCAMLC utils/int_replace_polymorphic_compare.cmi
  GEN utils/domainstate.mli
  OCAMLC utils/domainstate.cmi
  OCAMLC utils/binutils.cmi
  OCAMLC utils/lazy_backtrack.cmi
  OCAMLC utils/diffing.cmi
  OCAMLC utils/diffing_with_keys.cmi
  OCAMLC utils/compression.cmi
  OCAMLC parsing/location.cmi
  OCAMLC parsing/unit_info.cmi
  OCAMLC parsing/asttypes.cmi
  OCAMLC parsing/longident.cmi
  OCAMLC parsing/parsetree.cmi
  OCAMLC parsing/docstrings.cmi
  OCAMLC parsing/syntaxerr.cmi
  OCAMLC parsing/ast_helper.cmi
  OCAMLC parsing/ast_iterator.cmi
  OCAMLC parsing/builtin_attributes.cmi
  GEN parsing/camlinternalMenhirLib.mli
  OCAMLC parsing/camlinternalMenhirLib.cmi
  GEN parsing/parser.mli
  OCAMLC parsing/parser.cmi
  OCAMLC parsing/pprintast.cmi
  OCAMLC parsing/parse.cmi
  OCAMLC parsing/printast.cmi
  OCAMLC parsing/ast_mapper.cmi
  OCAMLC parsing/attr_helper.cmi
  OCAMLC parsing/ast_invariants.cmi
  OCAMLC parsing/depend.cmi
  OCAMLC typing/annot.cmi
  OCAMLC typing/value_rec_types.cmi
  OCAMLC typing/ident.cmi
  OCAMLC typing/path.cmi
  OCAMLC typing/type_immediacy.cmi
  OCAMLC typing/outcometree.cmi
  OCAMLC typing/primitive.cmi
  OCAMLC typing/shape.cmi
  OCAMLC typing/types.cmi
  OCAMLC typing/rawprinttyp.cmi
  OCAMLC typing/gprinttyp.cmi
  OCAMLC typing/btype.cmi
  OCAMLC typing/oprint.cmi
  OCAMLC typing/subst.cmi
  OCAMLC typing/predef.cmi
  OCAMLC typing/datarepr.cmi
  OCAMLC file_formats/cmi_format.cmi
  OCAMLC typing/persistent_env.cmi
  OCAMLC typing/env.cmi
  OCAMLC typing/errortrace.cmi
  OCAMLC typing/typedtree.cmi
  OCAMLC typing/signature_group.cmi
  OCAMLC typing/printtyped.cmi
  OCAMLC typing/ctype.cmi
  OCAMLC typing/out_type.cmi
  OCAMLC typing/printtyp.cmi
  OCAMLC typing/errortrace_report.cmi
  OCAMLC typing/includeclass.cmi
  OCAMLC typing/mtype.cmi
  OCAMLC typing/envaux.cmi
  OCAMLC typing/includecore.cmi
  OCAMLC typing/tast_iterator.cmi
  OCAMLC typing/tast_mapper.cmi
  OCAMLC typing/stypes.cmi
  OCAMLC typing/shape_reduce.cmi
  OCAMLC file_formats/cmt_format.cmi
  OCAMLC typing/cmt2annot.cmi
  OCAMLC typing/untypeast.cmi
  OCAMLC typing/includemod.cmi
  OCAMLC typing/includemod_errorprinter.cmi
  OCAMLC typing/typetexp.cmi
  OCAMLC typing/printpat.cmi
  OCAMLC typing/patterns.cmi
  OCAMLC typing/parmatch.cmi
  OCAMLC typing/typedecl_properties.cmi
  OCAMLC typing/typedecl_variance.cmi
  OCAMLC typing/typedecl_unboxed.cmi
  OCAMLC typing/typedecl_immediacy.cmi
  OCAMLC typing/typedecl_separability.cmi
  OCAMLC lambda/debuginfo.cmi
  OCAMLC lambda/lambda.cmi
  OCAMLC typing/typeopt.cmi
  OCAMLC typing/typedecl.cmi
  OCAMLC typing/value_rec_check.cmi
  OCAMLC typing/typecore.cmi
  OCAMLC typing/typeclass.cmi
  OCAMLC typing/typemod.cmi
  OCAMLC lambda/printlambda.cmi
  OCAMLC lambda/switch.cmi
  OCAMLC lambda/matching.cmi
  OCAMLC lambda/value_rec_compiler.cmi
  OCAMLC lambda/translobj.cmi
  OCAMLC lambda/translattribute.cmi
  OCAMLC lambda/translprim.cmi
  OCAMLC lambda/translcore.cmi
  OCAMLC lambda/translclass.cmi
  OCAMLC lambda/translmod.cmi
  OCAMLC lambda/tmc.cmi
  OCAMLC lambda/simplif.cmi
  OCAMLC lambda/runtimedef.cmi
  OCAMLC file_formats/cmo_format.cmi
  OCAMLC middle_end/internal_variable_names.cmi
  OCAMLC middle_end/linkage_name.cmi
  OCAMLC middle_end/compilation_unit.cmi
  OCAMLC middle_end/variable.cmi
  OCAMLC middle_end/flambda/base_types/closure_element.cmi
  OCAMLC middle_end/flambda/base_types/var_within_closure.cmi
  OCAMLC middle_end/flambda/base_types/tag.cmi
  OCAMLC middle_end/symbol.cmi
  OCAMLC middle_end/flambda/base_types/set_of_closures_id.cmi
  OCAMLC middle_end/flambda/base_types/set_of_closures_origin.cmi
  OCAMLC middle_end/flambda/parameter.cmi
  OCAMLC middle_end/flambda/base_types/static_exception.cmi
  OCAMLC middle_end/flambda/base_types/mutable_variable.cmi
  OCAMLC middle_end/flambda/base_types/closure_id.cmi
  OCAMLC middle_end/flambda/projection.cmi
  OCAMLC middle_end/flambda/base_types/closure_origin.cmi
  OCAMLC middle_end/clambda_primitives.cmi
  OCAMLC middle_end/flambda/allocated_const.cmi
  OCAMLC middle_end/flambda/flambda.cmi
  OCAMLC middle_end/flambda/freshening.cmi
  OCAMLC middle_end/flambda/base_types/export_id.cmi
  OCAMLC middle_end/flambda/simple_value_approx.cmi
  OCAMLC middle_end/flambda/export_info.cmi
  OCAMLC middle_end/backend_var.cmi
  OCAMLC middle_end/clambda.cmi
  OCAMLC file_formats/cmx_format.cmi
  OCAMLC file_formats/cmxs_format.cmi
  OCAMLC bytecomp/instruct.cmi
  OCAMLC bytecomp/meta.cmi
  OCAMLC tools/make_opcodes.cmi
  OCAMLLEX tools/make_opcodes.ml
  OCAMLC tools/make_opcodes.cmo
  LINKC tools/make_opcodes
  GEN bytecomp/opcodes.ml
  GEN bytecomp/opcodes.mli
  OCAMLC bytecomp/opcodes.cmi
  OCAMLC bytecomp/bytesections.cmi
  OCAMLC bytecomp/dll.cmi
  OCAMLC bytecomp/symtable.cmi
  OCAMLC driver/pparse.cmi
  OCAMLC driver/compenv.cmi
  OCAMLC driver/main_args.cmi
  OCAMLC driver/compmisc.cmi
  OCAMLC driver/makedepend.cmi
  OCAMLC driver/compile_common.cmi
  GEN utils/config_main.ml
  GEN utils/config.ml
  OCAMLC utils/config.cmo
  OCAMLC utils/build_path_prefix_map.cmo
  OCAMLC utils/format_doc.cmo
  OCAMLC utils/misc.cmo
  OCAMLC utils/identifiable.cmo
  OCAMLC utils/numbers.cmo
  OCAMLC utils/arg_helper.cmo
  OCAMLC utils/local_store.cmo
  OCAMLC utils/load_path.cmo
  OCAMLC utils/clflags.cmo
  OCAMLC utils/profile.cmo
  OCAMLC utils/terminfo.cmo
  OCAMLC utils/ccomp.cmo
  OCAMLC utils/warnings.cmo
  OCAMLC utils/consistbl.cmo
  OCAMLC utils/linkdeps.cmo
  OCAMLC utils/strongly_connected_components.cmo
  OCAMLC utils/targetint.cmo
  OCAMLC utils/int_replace_polymorphic_compare.cmo
  GEN utils/domainstate.ml
  OCAMLC utils/domainstate.cmo
  OCAMLC utils/binutils.cmo
  OCAMLC utils/lazy_backtrack.cmo
  OCAMLC utils/diffing.cmo
  OCAMLC utils/diffing_with_keys.cmo
  OCAMLC utils/compression.cmo
  OCAMLC parsing/location.cmo
  OCAMLC parsing/unit_info.cmo
  OCAMLC parsing/asttypes.cmo
  OCAMLC parsing/longident.cmo
  OCAMLC parsing/docstrings.cmo
  OCAMLC parsing/syntaxerr.cmo
  OCAMLC parsing/ast_helper.cmo
  OCAMLC parsing/ast_iterator.cmo
  OCAMLC parsing/builtin_attributes.cmo
  GEN parsing/camlinternalMenhirLib.ml
  OCAMLC parsing/camlinternalMenhirLib.cmo
  GEN parsing/parser.ml
  OCAMLC parsing/parser.cmo
  OCAMLC parsing/lexer.cmi
  OCAMLLEX parsing/lexer.ml
  OCAMLC parsing/lexer.cmo
  OCAMLC parsing/pprintast.cmo
  OCAMLC parsing/parse.cmo
  OCAMLC parsing/printast.cmo
  OCAMLC parsing/ast_mapper.cmo
  OCAMLC parsing/attr_helper.cmo
  OCAMLC parsing/ast_invariants.cmo
  OCAMLC parsing/depend.cmo
  OCAMLC typing/ident.cmo
  OCAMLC typing/path.cmo
  OCAMLC typing/primitive.cmo
  OCAMLC typing/type_immediacy.cmo
  OCAMLC typing/shape.cmo
  OCAMLC typing/types.cmo
  OCAMLC typing/rawprinttyp.cmo
  OCAMLC typing/gprinttyp.cmo
  OCAMLC typing/btype.cmo
  OCAMLC typing/oprint.cmo
  OCAMLC typing/subst.cmo
  OCAMLC typing/predef.cmo
  OCAMLC typing/datarepr.cmo
  OCAMLC file_formats/cmi_format.cmo
  OCAMLC typing/persistent_env.cmo
  OCAMLC typing/env.cmo
  OCAMLC typing/errortrace.cmo
  OCAMLC typing/typedtree.cmo
  OCAMLC typing/signature_group.cmo
  OCAMLC typing/printtyped.cmo
  OCAMLC typing/ctype.cmo
  OCAMLC typing/out_type.cmo
  OCAMLC typing/printtyp.cmo
  OCAMLC typing/errortrace_report.cmo
  OCAMLC typing/includeclass.cmo
  OCAMLC typing/mtype.cmo
  OCAMLC typing/envaux.cmo
  OCAMLC typing/includecore.cmo
  OCAMLC typing/tast_iterator.cmo
  OCAMLC typing/tast_mapper.cmo
  OCAMLC typing/stypes.cmo
  OCAMLC typing/shape_reduce.cmo
  OCAMLC file_formats/cmt_format.cmo
  OCAMLC typing/cmt2annot.cmo
  OCAMLC typing/untypeast.cmo
  OCAMLC typing/includemod.cmo
  OCAMLC typing/includemod_errorprinter.cmo
  OCAMLC typing/typetexp.cmo
  OCAMLC typing/printpat.cmo
  OCAMLC typing/patterns.cmo
  OCAMLC typing/parmatch.cmo
  OCAMLC typing/typedecl_properties.cmo
  OCAMLC typing/typedecl_variance.cmo
  OCAMLC typing/typedecl_unboxed.cmo
  OCAMLC typing/typedecl_immediacy.cmo
  OCAMLC typing/typedecl_separability.cmo
  OCAMLC typing/typeopt.cmo
  OCAMLC typing/typedecl.cmo
  OCAMLC typing/value_rec_check.cmo
  OCAMLC typing/typecore.cmo
  OCAMLC typing/typeclass.cmo
  OCAMLC typing/typemod.cmo
  OCAMLC lambda/debuginfo.cmo
  OCAMLC lambda/lambda.cmo
  OCAMLC lambda/printlambda.cmo
  OCAMLC lambda/switch.cmo
  OCAMLC lambda/matching.cmo
  OCAMLC lambda/value_rec_compiler.cmo
  OCAMLC lambda/translobj.cmo
  OCAMLC lambda/translattribute.cmo
  OCAMLC lambda/translprim.cmo
  OCAMLC lambda/translcore.cmo
  OCAMLC lambda/translclass.cmo
  OCAMLC lambda/translmod.cmo
  OCAMLC lambda/tmc.cmo
  OCAMLC lambda/simplif.cmo
  GEN lambda/runtimedef.ml
  OCAMLC lambda/runtimedef.cmo
  OCAMLC bytecomp/meta.cmo
  OCAMLC bytecomp/opcodes.cmo
  OCAMLC bytecomp/bytesections.cmo
  OCAMLC bytecomp/dll.cmo
  OCAMLC bytecomp/symtable.cmo
  OCAMLC driver/pparse.cmo
  OCAMLC driver/compenv.cmo
  OCAMLC driver/main_args.cmo
  OCAMLC driver/compmisc.cmo
  OCAMLC driver/makedepend.cmo
  OCAMLC driver/compile_common.cmo
cp utils/config.mli utils/config_main.mli
  OCAMLC utils/config_main.cmi
  OCAMLC utils/config_main.cmo
  GEN utils/config_boot.ml
cp utils/config.mli utils/config_boot.mli
  OCAMLC utils/config_boot.cmi
  OCAMLC utils/config_boot.cmo
  LINKC compilerlibs/ocamlcommon.cma
  OCAMLC bytecomp/bytegen.cmi
  OCAMLC bytecomp/printinstr.cmi
  OCAMLC bytecomp/emitcode.cmi
  OCAMLC bytecomp/bytelink.cmi
  OCAMLC bytecomp/bytelibrarian.cmi
  OCAMLC bytecomp/bytepackager.cmi
  OCAMLC driver/errors.cmi
  OCAMLC driver/compile.cmi
  OCAMLC driver/maindriver.cmi
  OCAMLC bytecomp/instruct.cmo
  OCAMLC bytecomp/bytegen.cmo
  OCAMLC bytecomp/printinstr.cmo
  OCAMLC bytecomp/emitcode.cmo
  OCAMLC bytecomp/bytelink.cmo
  OCAMLC bytecomp/bytelibrarian.cmo
  OCAMLC bytecomp/bytepackager.cmo
  OCAMLC driver/errors.cmo
  OCAMLC driver/compile.cmo
  OCAMLC driver/maindriver.cmo
  LINKC compilerlibs/ocamlbytecomp.cma
  OCAMLC driver/main.cmi
  OCAMLC driver/main.cmo
  LINKC ocamlc
make[2] : on quitte le répertoire « /home/shindere/src/ocaml/trunk »
make ocamllex ocamltools library
make[2] : on entre dans le répertoire « /home/shindere/src/ocaml/trunk »
  CC yacc/closure.o
  CC yacc/error.o
  CC yacc/lalr.o
  CC yacc/lr0.o
  CC yacc/main.o
  CC yacc/mkpar.o
  CC yacc/output.o
  CC yacc/reader.o
  CC yacc/skeleton.o
  CC yacc/symtab.o
  CC yacc/verbose.o
  CC yacc/warshall.o
  MKEXE yacc/ocamlyacc
make lex-all
make[3] : on entre dans le répertoire « /home/shindere/src/ocaml/trunk »
  OCAMLC lex/cset.cmi
  OCAMLC lex/cset.cmo
  OCAMLC lex/syntax.cmi
  OCAMLC lex/syntax.cmo
  OCAMLYACC lex/parser.mli
  OCAMLC lex/parser.cmi
  OCAMLC lex/parser.cmo
  OCAMLC lex/lexer.cmi
  OCAMLLEX lex/lexer.ml
  OCAMLC lex/lexer.cmo
  OCAMLC lex/table.cmi
  OCAMLC lex/table.cmo
  OCAMLC lex/lexgen.cmi
  OCAMLC lex/lexgen.cmo
  OCAMLC lex/compact.cmi
  OCAMLC lex/compact.cmo
  OCAMLC lex/common.cmi
  OCAMLC lex/common.cmo
  OCAMLC lex/output.cmi
  OCAMLC lex/output.cmo
  OCAMLC lex/outputbis.cmi
  OCAMLC lex/outputbis.cmo
  OCAMLC lex/main.cmi
  OCAMLC lex/main.cmo
  LINKC lex/ocamllex
make[3] : on quitte le répertoire « /home/shindere/src/ocaml/trunk »
make tools-all
make[3] : on entre dans le répertoire « /home/shindere/src/ocaml/trunk »
  OCAMLC tools/ocamldep.cmi
  OCAMLC tools/ocamldep.cmo
  LINKC tools/ocamldep
  OCAMLC middle_end/printclambda_primitives.cmi
  OCAMLC middle_end/printclambda.cmi
  OCAMLC middle_end/semantics_of_primitives.cmi
  OCAMLC middle_end/convert_primitives.cmi
  OCAMLC middle_end/flambda/base_types/id_types.cmi
  OCAMLC middle_end/flambda/pass_wrapper.cmi
  OCAMLC middle_end/flambda/flambda_iterators.cmi
  OCAMLC middle_end/flambda/flambda_utils.cmi
  OCAMLC middle_end/flambda/effect_analysis.cmi
  OCAMLC middle_end/flambda/inlining_cost.cmi
  OCAMLC middle_end/flambda/export_info_for_pack.cmi
  OCAMLC middle_end/compilenv.cmi
  OCAMLC middle_end/backend_intf.cmi
  OCAMLC middle_end/closure/closure.cmi
  OCAMLC middle_end/closure/closure_middle_end.cmi
  OCAMLC middle_end/flambda/import_approx.cmi
  OCAMLC middle_end/flambda/lift_code.cmi
  OCAMLC middle_end/flambda/closure_conversion_aux.cmi
  OCAMLC middle_end/flambda/closure_conversion.cmi
  OCAMLC middle_end/flambda/initialize_symbol_to_let_symbol.cmi
  OCAMLC middle_end/flambda/lift_let_to_initialize_symbol.cmi
  OCAMLC middle_end/flambda/find_recursive_functions.cmi
  OCAMLC middle_end/flambda/invariant_params.cmi
  OCAMLC middle_end/flambda/inconstant_idents.cmi
  OCAMLC middle_end/flambda/alias_analysis.cmi
  OCAMLC middle_end/flambda/lift_constants.cmi
  OCAMLC middle_end/flambda/share_constants.cmi
  OCAMLC middle_end/flambda/simplify_common.cmi
  OCAMLC middle_end/flambda/remove_unused_arguments.cmi
  OCAMLC middle_end/flambda/remove_unused_closure_vars.cmi
  OCAMLC middle_end/flambda/remove_unused_program_constructs.cmi
  OCAMLC middle_end/flambda/simplify_boxed_integer_ops_intf.cmi
  OCAMLC middle_end/flambda/simplify_boxed_integer_ops.cmi
  OCAMLC middle_end/flambda/simplify_primitives.cmi
  OCAMLC middle_end/flambda/inlining_stats_types.cmi
  OCAMLC middle_end/flambda/inlining_stats.cmi
  OCAMLC middle_end/flambda/inline_and_simplify_aux.cmi
  OCAMLC middle_end/flambda/inlining_decision_intf.cmi
  OCAMLC middle_end/flambda/remove_free_vars_equal_to_args.cmi
  OCAMLC middle_end/flambda/extract_projections.cmi
  OCAMLC middle_end/flambda/augment_specialised_args.cmi
  OCAMLC middle_end/flambda/unbox_free_vars_of_closures.cmi
  OCAMLC middle_end/flambda/unbox_specialised_args.cmi
  OCAMLC middle_end/flambda/unbox_closures.cmi
  OCAMLC middle_end/flambda/inlining_transforms.cmi
  OCAMLC middle_end/flambda/inlining_decision.cmi
  OCAMLC middle_end/flambda/inline_and_simplify.cmi
  OCAMLC middle_end/flambda/ref_to_variables.cmi
  OCAMLC middle_end/flambda/flambda_invariants.cmi
  OCAMLC middle_end/flambda/traverse_for_exported_symbols.cmi
  OCAMLC middle_end/flambda/build_export_info.cmi
  OCAMLC middle_end/flambda/closure_offsets.cmi
  OCAMLC middle_end/flambda/un_anf.cmi
  OCAMLC middle_end/flambda/flambda_to_clambda.cmi
  OCAMLC middle_end/flambda/flambda_middle_end.cmi
  OCAMLC middle_end/internal_variable_names.cmo
  OCAMLC middle_end/linkage_name.cmo
  OCAMLC middle_end/compilation_unit.cmo
  OCAMLC middle_end/variable.cmo
  OCAMLC middle_end/flambda/base_types/closure_element.cmo
  OCAMLC middle_end/flambda/base_types/closure_id.cmo
  OCAMLC middle_end/symbol.cmo
  OCAMLC middle_end/backend_var.cmo
  OCAMLC middle_end/clambda_primitives.cmo
  OCAMLC middle_end/printclambda_primitives.cmo
  OCAMLC middle_end/clambda.cmo
  OCAMLC middle_end/printclambda.cmo
  OCAMLC middle_end/semantics_of_primitives.cmo
  OCAMLC middle_end/convert_primitives.cmo
  OCAMLC middle_end/flambda/base_types/id_types.cmo
  OCAMLC middle_end/flambda/base_types/export_id.cmo
  OCAMLC middle_end/flambda/base_types/tag.cmo
  OCAMLC middle_end/flambda/base_types/mutable_variable.cmo
  OCAMLC middle_end/flambda/base_types/set_of_closures_id.cmo
  OCAMLC middle_end/flambda/base_types/set_of_closures_origin.cmo
  OCAMLC middle_end/flambda/base_types/closure_origin.cmo
  OCAMLC middle_end/flambda/base_types/var_within_closure.cmo
  OCAMLC middle_end/flambda/base_types/static_exception.cmo
  OCAMLC middle_end/flambda/pass_wrapper.cmo
  OCAMLC middle_end/flambda/allocated_const.cmo
  OCAMLC middle_end/flambda/parameter.cmo
  OCAMLC middle_end/flambda/projection.cmo
  OCAMLC middle_end/flambda/flambda.cmo
  OCAMLC middle_end/flambda/flambda_iterators.cmo
  OCAMLC middle_end/flambda/flambda_utils.cmo
  OCAMLC middle_end/flambda/freshening.cmo
  OCAMLC middle_end/flambda/effect_analysis.cmo
  OCAMLC middle_end/flambda/inlining_cost.cmo
  OCAMLC middle_end/flambda/simple_value_approx.cmo
  OCAMLC middle_end/flambda/export_info.cmo
  OCAMLC middle_end/flambda/export_info_for_pack.cmo
  OCAMLC middle_end/compilenv.cmo
  OCAMLC middle_end/closure/closure.cmo
  OCAMLC middle_end/closure/closure_middle_end.cmo
  OCAMLC middle_end/flambda/import_approx.cmo
  OCAMLC middle_end/flambda/lift_code.cmo
  OCAMLC middle_end/flambda/closure_conversion_aux.cmo
  OCAMLC middle_end/flambda/closure_conversion.cmo
  OCAMLC middle_end/flambda/initialize_symbol_to_let_symbol.cmo
  OCAMLC middle_end/flambda/lift_let_to_initialize_symbol.cmo
  OCAMLC middle_end/flambda/find_recursive_functions.cmo
  OCAMLC middle_end/flambda/invariant_params.cmo
  OCAMLC middle_end/flambda/inconstant_idents.cmo
  OCAMLC middle_end/flambda/alias_analysis.cmo
  OCAMLC middle_end/flambda/lift_constants.cmo
  OCAMLC middle_end/flambda/share_constants.cmo
  OCAMLC middle_end/flambda/simplify_common.cmo
  OCAMLC middle_end/flambda/remove_unused_arguments.cmo
  OCAMLC middle_end/flambda/remove_unused_closure_vars.cmo
  OCAMLC middle_end/flambda/remove_unused_program_constructs.cmo
  OCAMLC middle_end/flambda/simplify_boxed_integer_ops.cmo
  OCAMLC middle_end/flambda/simplify_primitives.cmo
  OCAMLC middle_end/flambda/inlining_stats_types.cmo
  OCAMLC middle_end/flambda/inlining_stats.cmo
  OCAMLC middle_end/flambda/inline_and_simplify_aux.cmo
  OCAMLC middle_end/flambda/remove_free_vars_equal_to_args.cmo
  OCAMLC middle_end/flambda/extract_projections.cmo
  OCAMLC middle_end/flambda/augment_specialised_args.cmo
  OCAMLC middle_end/flambda/unbox_free_vars_of_closures.cmo
  OCAMLC middle_end/flambda/unbox_specialised_args.cmo
  OCAMLC middle_end/flambda/unbox_closures.cmo
  OCAMLC middle_end/flambda/inlining_transforms.cmo
  OCAMLC middle_end/flambda/inlining_decision.cmo
  OCAMLC middle_end/flambda/inline_and_simplify.cmo
  OCAMLC middle_end/flambda/ref_to_variables.cmo
  OCAMLC middle_end/flambda/flambda_invariants.cmo
  OCAMLC middle_end/flambda/traverse_for_exported_symbols.cmo
  OCAMLC middle_end/flambda/build_export_info.cmo
  OCAMLC middle_end/flambda/closure_offsets.cmo
  OCAMLC middle_end/flambda/un_anf.cmo
  OCAMLC middle_end/flambda/flambda_to_clambda.cmo
  OCAMLC middle_end/flambda/flambda_middle_end.cmo
  LINKC compilerlibs/ocamlmiddleend.cma
  OCAMLC tools/objinfo.cmi
  OCAMLC tools/objinfo.cmo
  LINKC tools/ocamlobjinfo
  OCAMLC tools/ocamlcmt.cmi
  OCAMLC tools/ocamlcmt.cmo
  LINKC tools/ocamlcmt
  OCAMLC tools/ocamlprof.cmi
  OCAMLC tools/ocamlprof.cmo
  LINKC tools/ocamlprof
  OCAMLC tools/ocamlcp_common.cmi
  OCAMLC tools/ocamlcp_common.cmo
  OCAMLC tools/ocamlcp.cmi
  OCAMLC tools/ocamlcp.cmo
  LINKC tools/ocamlcp
  OCAMLC tools/ocamlmklib.cmi
  OCAMLC tools/ocamlmklib.cmo
  LINKC tools/ocamlmklib
  OCAMLC tools/ocamlmktop.cmi
  OCAMLC tools/ocamlmktop.cmo
  LINKC tools/ocamlmktop
  GEN tools/opnames.ml
  OCAMLC tools/opnames.cmi
  OCAMLC tools/opnames.cmo
  OCAMLC tools/dumpobj.cmi
  OCAMLC tools/dumpobj.cmo
  LINKC tools/dumpobj
  OCAMLC tools/primreq.cmi
  OCAMLC tools/primreq.cmo
  LINKC tools/primreq
  OCAMLC tools/stripdebug.cmi
  OCAMLC tools/stripdebug.cmo
  LINKC tools/stripdebug
  OCAMLC tools/cmpbyt.cmi
  OCAMLC tools/cmpbyt.cmo
  LINKC tools/cmpbyt
  OCAMLC tools/profiling.cmi
  OCAMLC tools/profiling.cmo
make[3] : on quitte le répertoire « /home/shindere/src/ocaml/trunk »
make -C stdlib all
make[3] : on entre dans le répertoire « /home/shindere/src/ocaml/trunk/stdlib »
  OCAMLC camlinternalFormatBasics.cmi
  OCAMLC camlinternalFormatBasics.cmo
  OCAMLC stdlib.cmi
  OCAMLC stdlib.cmo
  OCAMLC stdlib__Either.cmi
  OCAMLC stdlib__Either.cmo
  OCAMLC stdlib__Sys.cmi
  OCAMLC stdlib__Sys.cmo
  OCAMLC stdlib__Int32.cmi
  OCAMLC stdlib__Obj.cmi
  OCAMLC stdlib__Obj.cmo
  OCAMLC stdlib__Type.cmi
  OCAMLC stdlib__Type.cmo
  OCAMLC stdlib__Atomic.cmi
  OCAMLC stdlib__Atomic.cmo
  OCAMLC camlinternalLazy.cmi
  OCAMLC camlinternalLazy.cmo
  OCAMLC stdlib__Lazy.cmi
  OCAMLC stdlib__Lazy.cmo
  OCAMLC stdlib__Seq.cmi
  OCAMLC stdlib__Seq.cmo
  OCAMLC stdlib__Option.cmi
  OCAMLC stdlib__Option.cmo
  OCAMLC stdlib__Result.cmi
  OCAMLC stdlib__Result.cmo
  OCAMLC stdlib__Bool.cmi
  OCAMLC stdlib__Bool.cmo
  OCAMLC stdlib__Char.cmi
  OCAMLC stdlib__Char.cmo
  OCAMLC stdlib__Uchar.cmi
  OCAMLC stdlib__Uchar.cmo
  OCAMLC stdlib__List.cmi
  OCAMLC stdlib__List.cmo
  OCAMLC stdlib__Int.cmi
  OCAMLC stdlib__Int.cmo
  OCAMLC stdlib__Bytes.cmi
  OCAMLC stdlib__Bytes.cmo
  OCAMLC stdlib__String.cmi
  OCAMLC stdlib__String.cmo
  OCAMLC stdlib__Unit.cmi
  OCAMLC stdlib__Unit.cmo
  OCAMLC stdlib__Marshal.cmi
  OCAMLC stdlib__Marshal.cmo
  OCAMLC stdlib__Array.cmi
  OCAMLC stdlib__Array.cmo
  OCAMLC stdlib__Float.cmi
  OCAMLC stdlib__Float.cmo
  OCAMLC stdlib__Int32.cmo
  OCAMLC stdlib__Int64.cmi
  OCAMLC stdlib__Int64.cmo
  OCAMLC stdlib__Nativeint.cmi
  OCAMLC stdlib__Nativeint.cmo
  OCAMLC stdlib__Lexing.cmi
  OCAMLC stdlib__Lexing.cmo
  OCAMLC stdlib__Parsing.cmi
  OCAMLC stdlib__Parsing.cmo
  OCAMLC stdlib__Set.cmi
  OCAMLC stdlib__Set.cmo
  OCAMLC stdlib__Map.cmi
  OCAMLC stdlib__Map.cmo
  OCAMLC stdlib__Stack.cmi
  OCAMLC stdlib__Stack.cmo
  OCAMLC stdlib__Queue.cmi
  OCAMLC stdlib__Queue.cmo
  OCAMLC stdlib__Buffer.cmi
  OCAMLC stdlib__Buffer.cmo
  OCAMLC stdlib__Mutex.cmi
  OCAMLC stdlib__Mutex.cmo
  OCAMLC stdlib__Condition.cmi
  OCAMLC stdlib__Condition.cmo
  OCAMLC stdlib__Semaphore.cmi
  OCAMLC stdlib__Semaphore.cmo
  OCAMLC stdlib__Domain.cmi
  OCAMLC stdlib__Domain.cmo
  OCAMLC camlinternalFormat.cmi
  OCAMLC camlinternalFormat.cmo
  OCAMLC stdlib__Printf.cmi
  OCAMLC stdlib__Printf.cmo
  OCAMLC stdlib__Arg.cmi
  OCAMLC stdlib__Arg.cmo
  OCAMLC stdlib__Printexc.cmi
  OCAMLC stdlib__Printexc.cmo
  OCAMLC stdlib__Fun.cmi
  OCAMLC stdlib__Fun.cmo
  OCAMLC stdlib__Gc.cmi
  OCAMLC stdlib__Gc.cmo
  OCAMLC stdlib__Complex.cmi
  OCAMLC stdlib__Bigarray.cmi
  OCAMLC stdlib__In_channel.cmi
  OCAMLC stdlib__In_channel.cmo
  OCAMLC stdlib__Out_channel.cmi
  OCAMLC stdlib__Out_channel.cmo
  OCAMLC stdlib__Digest.cmi
  OCAMLC stdlib__Digest.cmo
  OCAMLC stdlib__Bigarray.cmo
  OCAMLC stdlib__Random.cmi
  OCAMLC stdlib__Random.cmo
  OCAMLC stdlib__Hashtbl.cmi
  OCAMLC stdlib__Hashtbl.cmo
  OCAMLC stdlib__Weak.cmi
  OCAMLC stdlib__Weak.cmo
  OCAMLC stdlib__Format.cmi
  OCAMLC stdlib__Format.cmo
  OCAMLC stdlib__Scanf.cmi
  OCAMLC stdlib__Scanf.cmo
  OCAMLC stdlib__Callback.cmi
  OCAMLC stdlib__Callback.cmo
  OCAMLC camlinternalOO.cmi
  OCAMLC camlinternalOO.cmo
  OCAMLC stdlib__Oo.cmi
  OCAMLC stdlib__Oo.cmo
  OCAMLC camlinternalMod.cmi
  OCAMLC camlinternalMod.cmo
  OCAMLC stdlib__Dynarray.cmi
  OCAMLC stdlib__Dynarray.cmo
  OCAMLC stdlib__Ephemeron.cmi
  OCAMLC stdlib__Ephemeron.cmo
  OCAMLC stdlib__Filename.cmi
  OCAMLC stdlib__Filename.cmo
  OCAMLC stdlib__Complex.cmo
  OCAMLC stdlib__ArrayLabels.cmi
  OCAMLC stdlib__ArrayLabels.cmo
  OCAMLC stdlib__ListLabels.cmi
  OCAMLC stdlib__ListLabels.cmo
  OCAMLC stdlib__BytesLabels.cmi
  OCAMLC stdlib__BytesLabels.cmo
  OCAMLC stdlib__StringLabels.cmi
  OCAMLC stdlib__StringLabels.cmo
  OCAMLC stdlib__MoreLabels.cmi
  OCAMLC stdlib__MoreLabels.cmo
  OCAMLC stdlib__StdLabels.cmi
  OCAMLC stdlib__StdLabels.cmo
  OCAMLC stdlib__Effect.cmi
  OCAMLC stdlib__Effect.cmo
  LINKC stdlib.cma
  OCAMLC std_exit.cmi
  OCAMLC std_exit.cmo
make[3] : on quitte le répertoire « /home/shindere/src/ocaml/trunk/stdlib »
make[2] : on quitte le répertoire « /home/shindere/src/ocaml/trunk »
make ocaml
make[2] : on entre dans le répertoire « /home/shindere/src/ocaml/trunk »
  OCAMLC toplevel/expunge.cmi
  OCAMLC toplevel/expunge.cmo
  LINKC expunge
  OCAMLC toplevel/genprintval.cmi
  OCAMLC toplevel/topcommon.cmi
  OCAMLC toplevel/topeval.cmi
cp toplevel/topeval.cmi toplevel/topeval.mli toplevel/byte
  OCAMLC toplevel/trace.cmi
cp toplevel/trace.cmi toplevel/trace.mli toplevel/byte
  OCAMLC toplevel/toploop.cmi
  OCAMLC toplevel/topprinters.cmi
  OCAMLC toplevel/topdirs.cmi
  OCAMLC toplevel/topmain.cmi
cp toplevel/topmain.cmi toplevel/topmain.mli toplevel/byte
  OCAMLC toplevel/genprintval.cmo
  OCAMLC toplevel/topcommon.cmo
  OCAMLC toplevel/byte/topeval.cmo
  OCAMLC toplevel/byte/trace.cmo
  OCAMLC toplevel/toploop.cmo
  OCAMLC toplevel/topprinters.cmo
  OCAMLC toplevel/topdirs.cmo
  OCAMLC toplevel/byte/topmain.cmo
  LINKC compilerlibs/ocamltoplevel.cma
  OCAMLC toplevel/topstart.cmi
  OCAMLC toplevel/topstart.cmo
  LINKC ocaml.tmp
  GEN ocaml
rm ocaml.tmp
make[2] : on quitte le répertoire « /home/shindere/src/ocaml/trunk »
make otherlibraries ocamldebug ocamldoc \
         ocamltest
make[2] : on entre dans le répertoire « /home/shindere/src/ocaml/trunk »
make lex-all
make[3] : on entre dans le répertoire « /home/shindere/src/ocaml/trunk »
make[3]: rien à faire pour « lex-all ».
make[3] : on quitte le répertoire « /home/shindere/src/ocaml/trunk »
make tools-all
make[3] : on entre dans le répertoire « /home/shindere/src/ocaml/trunk »
make[3]: rien à faire pour « tools-all ».
make[3] : on quitte le répertoire « /home/shindere/src/ocaml/trunk »
make -C otherlibs all
make[3] : on entre dans le répertoire « /home/shindere/src/ocaml/trunk/otherlibs »
for lib in runtime_events unix str systhreads; do (make -C $lib all) || exit $?; done
make[4] : on entre dans le répertoire « /home/shindere/src/ocaml/trunk/otherlibs/runtime_events »
  CC runtime_events_consumer.b.o
  CC runtime_events_consumer.n.o
  OCAMLMKLIB libcamlruntime_eventsbyt.a
  OCAMLC runtime_events.cmi
  OCAMLC runtime_events.cmo
  OCAMLMKLIB runtime_events.cma
make[4] : on quitte le répertoire « /home/shindere/src/ocaml/trunk/otherlibs/runtime_events »
make[4] : on entre dans le répertoire « /home/shindere/src/ocaml/trunk/otherlibs/unix »
  CC access.b.o
  CC addrofstr.b.o
  CC chdir.b.o
  CC chmod.b.o
  CC cst2constr.b.o
  CC cstringv.b.o
  CC execv.b.o
  CC execve.b.o
  CC execvp.b.o
  CC fsync.b.o
  CC mkdir.b.o
  CC exit.b.o
  CC getaddrinfo.b.o
  CC getcwd.b.o
  CC gethost.b.o
  CC gethostname.b.o
  CC getnameinfo.b.o
  CC getproto.b.o
  CC getserv.b.o
  CC gmtime.b.o
  CC mmap_ba.b.o
  CC putenv.b.o
  CC rmdir.b.o
  CC socketaddr.b.o
  CC strofaddr.b.o
  CC time.b.o
  CC unlink.b.o
  CC accept_unix.b.o
  CC bind_unix.b.o
  CC channels_unix.b.o
  CC close_unix.b.o
  CC connect_unix.b.o
  CC dup_unix.b.o
  CC envir_unix.b.o
  CC errmsg_unix.b.o
  CC getpeername_unix.b.o
  CC getpid_unix.b.o
  CC getsockname_unix.b.o
  CC gettimeofday_unix.b.o
  CC isatty_unix.b.o
  CC link_unix.b.o
  CC listen_unix.b.o
  CC lockf_unix.b.o
  CC lseek_unix.b.o
  CC mmap_unix.b.o
  CC open_unix.b.o
  CC pipe_unix.b.o
  CC read_unix.b.o
  CC readlink_unix.b.o
  CC realpath_unix.b.o
  CC rename_unix.b.o
  CC select_unix.b.o
  CC sendrecv_unix.b.o
  CC shutdown_unix.b.o
  CC sleep_unix.b.o
  CC socket_unix.b.o
  CC socketpair_unix.b.o
  CC sockopt_unix.b.o
  CC stat_unix.b.o
  CC symlink_unix.b.o
  CC times_unix.b.o
  CC truncate_unix.b.o
  CC unixsupport_unix.b.o
  CC utimes_unix.b.o
  CC write_unix.b.o
  CC alarm.b.o
  CC chown.b.o
  CC chroot.b.o
  CC closedir.b.o
  CC dup2.b.o
  CC fchmod.b.o
  CC fchown.b.o
  CC fcntl.b.o
  CC fork.b.o
  CC ftruncate.b.o
  CC getegid.b.o
  CC geteuid.b.o
  CC getgid.b.o
  CC getgr.b.o
  CC getgroups.b.o
  CC getlogin.b.o
  CC getppid.b.o
  CC getpw.b.o
  CC getuid.b.o
  CC initgroups.b.o
  CC itimer.b.o
  CC kill.b.o
  CC mkfifo.b.o
  CC nice.b.o
  CC opendir.b.o
  CC readdir.b.o
  CC rewinddir.b.o
  CC setgid.b.o
  CC setgroups.b.o
  CC setsid.b.o
  CC setuid.b.o
  CC signals.b.o
  CC spawn.b.o
  CC termios.b.o
  CC umask.b.o
  CC wait.b.o
  CC access.n.o
  CC addrofstr.n.o
  CC chdir.n.o
  CC chmod.n.o
  CC cst2constr.n.o
  CC cstringv.n.o
  CC execv.n.o
  CC execve.n.o
  CC execvp.n.o
  CC fsync.n.o
  CC mkdir.n.o
  CC exit.n.o
  CC getaddrinfo.n.o
  CC getcwd.n.o
  CC gethost.n.o
  CC gethostname.n.o
  CC getnameinfo.n.o
  CC getproto.n.o
  CC getserv.n.o
  CC gmtime.n.o
  CC mmap_ba.n.o
  CC putenv.n.o
  CC rmdir.n.o
  CC socketaddr.n.o
  CC strofaddr.n.o
  CC time.n.o
  CC unlink.n.o
  CC accept_unix.n.o
  CC bind_unix.n.o
  CC channels_unix.n.o
  CC close_unix.n.o
  CC connect_unix.n.o
  CC dup_unix.n.o
  CC envir_unix.n.o
  CC errmsg_unix.n.o
  CC getpeername_unix.n.o
  CC getpid_unix.n.o
  CC getsockname_unix.n.o
  CC gettimeofday_unix.n.o
  CC isatty_unix.n.o
  CC link_unix.n.o
  CC listen_unix.n.o
  CC lockf_unix.n.o
  CC lseek_unix.n.o
  CC mmap_unix.n.o
  CC open_unix.n.o
  CC pipe_unix.n.o
  CC read_unix.n.o
  CC readlink_unix.n.o
  CC realpath_unix.n.o
  CC rename_unix.n.o
  CC select_unix.n.o
  CC sendrecv_unix.n.o
  CC shutdown_unix.n.o
  CC sleep_unix.n.o
  CC socket_unix.n.o
  CC socketpair_unix.n.o
  CC sockopt_unix.n.o
  CC stat_unix.n.o
  CC symlink_unix.n.o
  CC times_unix.n.o
  CC truncate_unix.n.o
  CC unixsupport_unix.n.o
  CC utimes_unix.n.o
  CC write_unix.n.o
  CC alarm.n.o
  CC chown.n.o
  CC chroot.n.o
  CC closedir.n.o
  CC dup2.n.o
  CC fchmod.n.o
  CC fchown.n.o
  CC fcntl.n.o
  CC fork.n.o
  CC ftruncate.n.o
  CC getegid.n.o
  CC geteuid.n.o
  CC getgid.n.o
  CC getgr.n.o
  CC getgroups.n.o
  CC getlogin.n.o
  CC getppid.n.o
  CC getpw.n.o
  CC getuid.n.o
  CC initgroups.n.o
  CC itimer.n.o
  CC kill.n.o
  CC mkfifo.n.o
  CC nice.n.o
  CC opendir.n.o
  CC readdir.n.o
  CC rewinddir.n.o
  CC setgid.n.o
  CC setgroups.n.o
  CC setsid.n.o
  CC setuid.n.o
  CC signals.n.o
  CC spawn.n.o
  CC termios.n.o
  CC umask.n.o
  CC wait.n.o
  OCAMLMKLIB libunixbyt.a
  OCAMLC unix.cmi
  OCAMLC unix.cmo
  OCAMLC unixLabels.cmi
  OCAMLC unixLabels.cmo
  OCAMLMKLIB unix.cma
make[4] : on quitte le répertoire « /home/shindere/src/ocaml/trunk/otherlibs/unix »
make[4] : on entre dans le répertoire « /home/shindere/src/ocaml/trunk/otherlibs/str »
  CC strstubs.b.o
  CC strstubs.n.o
  OCAMLMKLIB libcamlstrbyt.a
  OCAMLC str.cmi
  OCAMLC str.cmo
  OCAMLMKLIB str.cma
make[4] : on quitte le répertoire « /home/shindere/src/ocaml/trunk/otherlibs/str »
make[4] : on entre dans le répertoire « /home/shindere/src/ocaml/trunk/otherlibs/systhreads »
  CC st_stubs.b.o
  OCAMLMKLIB libthreads.a
  OCAMLC thread.cmi
  OCAMLC thread.cmo
  OCAMLC event.cmi
  OCAMLC event.cmo
  OCAMLMKLIB threads.cma
make[4] : on quitte le répertoire « /home/shindere/src/ocaml/trunk/otherlibs/systhreads »
make[3] : on quitte le répertoire « /home/shindere/src/ocaml/trunk/otherlibs »
  OCAMLC otherlibs/dynlink/dynlink_config.cmi
  OCAMLC otherlibs/dynlink/dynlink_types.cmi
  OCAMLC otherlibs/dynlink/dynlink_platform_intf.cmi
  OCAMLC otherlibs/dynlink/dynlink_common.cmi
  OCAMLC otherlibs/dynlink/dynlink_cmo_format.cmi
  OCAMLC otherlibs/dynlink/byte/dynlink_symtable.cmi
  OCAMLC otherlibs/dynlink/dynlink.cmi
cp otherlibs/dynlink/dynlink.cmi otherlibs/dynlink/dynlink.mli otherlibs/dynlink/byte/
  OCAMLC otherlibs/dynlink/dynlink_config.cmo
  OCAMLC otherlibs/dynlink/dynlink_types.cmo
  OCAMLC otherlibs/dynlink/dynlink_platform_intf.cmo
  OCAMLC otherlibs/dynlink/dynlink_common.cmo
  OCAMLC otherlibs/dynlink/byte/dynlink_symtable.cmo
  OCAMLC otherlibs/dynlink/byte/dynlink.cmo
  LINKC otherlibs/dynlink/dynlink.cma
  OCAMLC debugger/int64ops.cmi
  OCAMLC debugger/int64ops.cmo
  OCAMLC debugger/primitives.cmi
  OCAMLC debugger/primitives.cmo
  OCAMLC debugger/unix_tools.cmi
  OCAMLC debugger/unix_tools.cmo
  OCAMLC debugger/debugger_config.cmi
  OCAMLC debugger/debugger_config.cmo
  OCAMLC debugger/parameters.cmi
  OCAMLC debugger/parameters.cmo
  OCAMLLEX debugger/debugger_lexer.ml
  OCAMLYACC debugger/debugger_parser.mli
  OCAMLC debugger/debugcom.cmi
  OCAMLC debugger/parser_aux.cmi
  OCAMLC debugger/debugger_parser.cmi
  OCAMLC debugger/debugger_lexer.cmi
  OCAMLC debugger/debugger_lexer.cmo
  OCAMLC debugger/input_handling.cmi
  OCAMLC debugger/input_handling.cmo
  OCAMLC debugger/question.cmi
  OCAMLC debugger/question.cmo
  OCAMLC debugger/debugcom.cmo
  OCAMLC debugger/exec.cmi
  OCAMLC debugger/exec.cmo
  OCAMLC debugger/source.cmi
  OCAMLC debugger/source.cmo
  OCAMLC debugger/events.cmi
  OCAMLC debugger/pos.cmi
  OCAMLC debugger/pos.cmo
  OCAMLC debugger/checkpoints.cmi
  OCAMLC debugger/checkpoints.cmo
  OCAMLC debugger/events.cmo
  OCAMLC debugger/program_loading.cmi
  OCAMLC debugger/program_loading.cmo
  OCAMLC debugger/symbols.cmi
  OCAMLC debugger/symbols.cmo
  OCAMLC debugger/breakpoints.cmi
  OCAMLC debugger/breakpoints.cmo
  OCAMLC debugger/trap_barrier.cmi
  OCAMLC debugger/trap_barrier.cmo
  OCAMLC debugger/history.cmi
  OCAMLC debugger/history.cmo
  OCAMLC debugger/printval.cmi
  OCAMLC debugger/printval.cmo
  OCAMLC debugger/show_source.cmi
  OCAMLC debugger/show_source.cmo
  OCAMLC debugger/time_travel.cmi
  OCAMLC debugger/time_travel.cmo
  OCAMLC debugger/program_management.cmi
  OCAMLC debugger/program_management.cmo
  OCAMLC debugger/frames.cmi
  OCAMLC debugger/frames.cmo
  OCAMLC debugger/eval.cmi
  OCAMLC debugger/eval.cmo
  OCAMLC debugger/show_information.cmi
  OCAMLC debugger/show_information.cmo
  OCAMLC debugger/loadprinter.cmi
  OCAMLC debugger/loadprinter.cmo
  OCAMLC debugger/debugger_parser.cmo
  OCAMLC debugger/command_line.cmi
  OCAMLC debugger/command_line.cmo
  OCAMLC debugger/main.cmi
  OCAMLC debugger/main.cmo
  OCAMLC debugger/ocamldebug.cmo
  OCAMLC debugger/ocamldebug_entry.cmi
  OCAMLC debugger/ocamldebug_entry.cmo
  LINKC debugger/ocamldebug
  OCAMLC ocamldoc/odoc_config.cmi
  OCAMLC ocamldoc/odoc_messages.cmi
  OCAMLC ocamldoc/odoc_types.cmi
  OCAMLC ocamldoc/odoc_global.cmi
  OCAMLC ocamldoc/odoc_misc.cmi
  OCAMLYACC ocamldoc/odoc_text_parser.mli
  OCAMLC ocamldoc/odoc_text_parser.cmi
  OCAMLC ocamldoc/odoc_text_lexer.cmi
  OCAMLC ocamldoc/odoc_text.cmi
  OCAMLC ocamldoc/odoc_name.cmi
  OCAMLC ocamldoc/odoc_parameter.cmi
  OCAMLC ocamldoc/odoc_value.cmi
  OCAMLC ocamldoc/odoc_type.cmi
  OCAMLC ocamldoc/odoc_extension.cmi
  OCAMLC ocamldoc/odoc_exception.cmi
  OCAMLC ocamldoc/odoc_class.cmi
  OCAMLC ocamldoc/odoc_module.cmi
  OCAMLC ocamldoc/odoc_print.cmi
  OCAMLC ocamldoc/odoc_str.cmi
  OCAMLC ocamldoc/odoc_comments_global.cmi
  OCAMLYACC ocamldoc/odoc_parser.mli
  OCAMLC ocamldoc/odoc_parser.cmi
  OCAMLC ocamldoc/odoc_lexer.cmi
  OCAMLC ocamldoc/odoc_see_lexer.cmi
  OCAMLC ocamldoc/odoc_env.cmi
  OCAMLC ocamldoc/odoc_merge.cmi
  OCAMLC ocamldoc/odoc_sig.cmi
  OCAMLC ocamldoc/odoc_ast.cmi
  OCAMLC ocamldoc/odoc_search.cmi
  OCAMLC ocamldoc/odoc_scan.cmi
  OCAMLC ocamldoc/odoc_cross.cmi
  OCAMLC ocamldoc/odoc_comments.cmi
  OCAMLC ocamldoc/odoc_dep.cmi
  OCAMLC ocamldoc/odoc_analyse.cmi
  OCAMLC ocamldoc/odoc_info.cmi
  OCAMLC ocamldoc/odoc_config.cmo
  OCAMLC ocamldoc/odoc_messages.cmo
  OCAMLC ocamldoc/odoc_global.cmo
  OCAMLC ocamldoc/odoc_types.cmo
  OCAMLC ocamldoc/odoc_misc.cmo
  OCAMLC ocamldoc/odoc_text_parser.cmo
  OCAMLLEX ocamldoc/odoc_text_lexer.ml
  OCAMLC ocamldoc/odoc_text_lexer.cmo
  OCAMLC ocamldoc/odoc_text.cmo
  OCAMLC ocamldoc/odoc_name.cmo
  OCAMLC ocamldoc/odoc_parameter.cmo
  OCAMLC ocamldoc/odoc_value.cmo
  OCAMLC ocamldoc/odoc_type.cmo
  OCAMLC ocamldoc/odoc_extension.cmo
  OCAMLC ocamldoc/odoc_exception.cmo
  OCAMLC ocamldoc/odoc_class.cmo
  OCAMLC ocamldoc/odoc_module.cmo
  OCAMLC ocamldoc/odoc_print.cmo
  OCAMLC ocamldoc/odoc_str.cmo
  OCAMLC ocamldoc/odoc_comments_global.cmo
  OCAMLC ocamldoc/odoc_parser.cmo
  OCAMLLEX ocamldoc/odoc_lexer.ml
  OCAMLC ocamldoc/odoc_lexer.cmo
  OCAMLLEX ocamldoc/odoc_see_lexer.ml
  OCAMLC ocamldoc/odoc_see_lexer.cmo
  OCAMLC ocamldoc/odoc_env.cmo
  OCAMLC ocamldoc/odoc_merge.cmo
  OCAMLC ocamldoc/odoc_sig.cmo
  OCAMLC ocamldoc/odoc_ast.cmo
  OCAMLC ocamldoc/odoc_search.cmo
  OCAMLC ocamldoc/odoc_scan.cmo
  OCAMLC ocamldoc/odoc_cross.cmo
  OCAMLC ocamldoc/odoc_comments.cmo
  OCAMLC ocamldoc/odoc_dep.cmo
  OCAMLC ocamldoc/odoc_analyse.cmo
  OCAMLC ocamldoc/odoc_info.cmo
  LINKC ocamldoc/odoc_info.cma
  OCAMLC ocamldoc/odoc_dag2html.cmi
  OCAMLC ocamldoc/odoc_dag2html.cmo
  OCAMLC ocamldoc/odoc_to_text.cmi
  OCAMLC ocamldoc/odoc_to_text.cmo
  OCAMLC ocamldoc/odoc_ocamlhtml.cmi
  OCAMLLEX ocamldoc/odoc_ocamlhtml.ml
  OCAMLC ocamldoc/odoc_ocamlhtml.cmo
  OCAMLC ocamldoc/odoc_html.cmi
  OCAMLC ocamldoc/odoc_html.cmo
  OCAMLC ocamldoc/odoc_man.cmi
  OCAMLC ocamldoc/odoc_man.cmo
  OCAMLC ocamldoc/odoc_latex_style.cmi
  OCAMLC ocamldoc/odoc_latex_style.cmo
  OCAMLC ocamldoc/odoc_latex.cmi
  OCAMLC ocamldoc/odoc_latex.cmo
  OCAMLC ocamldoc/odoc_texi.cmi
  OCAMLC ocamldoc/odoc_texi.cmo
  OCAMLC ocamldoc/odoc_dot.cmi
  OCAMLC ocamldoc/odoc_dot.cmo
  OCAMLC ocamldoc/odoc_gen.cmi
  OCAMLC ocamldoc/odoc_gen.cmo
  OCAMLC ocamldoc/odoc_args.cmi
  OCAMLC ocamldoc/odoc_args.cmo
  OCAMLC ocamldoc/odoc.cmi
  OCAMLC ocamldoc/odoc.cmo
  LINKC ocamldoc/ocamldoc
  OCAMLC ocamldoc/odoc_test.cmi
  OCAMLC ocamldoc/odoc_test.cmo
  CC ocamltest/run_unix.b.o
  CC ocamltest/run_stubs.b.o
  OCAMLC ocamltest/ocamltest_config.cmi
  OCAMLC ocamltest/ocamltest_config.cmo
  OCAMLC ocamltest/ocamltest_unix.cmi
  OCAMLC ocamltest/ocamltest_unix.cmo
  OCAMLC ocamltest/ocamltest_stdlib.cmi
  OCAMLC ocamltest/ocamltest_stdlib.cmo
  OCAMLC ocamltest/run_command.cmi
  OCAMLC ocamltest/run_command.cmo
  OCAMLC ocamltest/filecompare.cmi
  OCAMLC ocamltest/filecompare.cmo
  OCAMLC ocamltest/variables.cmi
  OCAMLC ocamltest/variables.cmo
  OCAMLC ocamltest/environments.cmi
  OCAMLC ocamltest/environments.cmo
  OCAMLC ocamltest/result.cmi
  OCAMLC ocamltest/result.cmo
  OCAMLC ocamltest/actions.cmi
  OCAMLC ocamltest/actions.cmo
  OCAMLC ocamltest/tests.cmi
  OCAMLC ocamltest/tests.cmo
  OCAMLC ocamltest/strace.cmi
  OCAMLC ocamltest/strace.cmo
  OCAMLC ocamltest/tsl_ast.cmi
  OCAMLC ocamltest/tsl_ast.cmo
  OCAMLYACC ocamltest/tsl_parser.mli
  OCAMLC ocamltest/tsl_parser.cmi
  OCAMLC ocamltest/tsl_parser.cmo
  OCAMLC ocamltest/tsl_lexer.cmi
  OCAMLLEX ocamltest/tsl_lexer.ml
  OCAMLC ocamltest/tsl_lexer.cmo
  OCAMLC ocamltest/modifier_parser.cmi
  OCAMLC ocamltest/modifier_parser.cmo
  OCAMLC ocamltest/tsl_semantics.cmi
  OCAMLC ocamltest/tsl_semantics.cmo
  OCAMLC ocamltest/builtin_variables.cmi
  OCAMLC ocamltest/builtin_variables.cmo
  OCAMLC ocamltest/actions_helpers.cmi
  OCAMLC ocamltest/actions_helpers.cmo
  OCAMLC ocamltest/builtin_actions.cmi
  OCAMLC ocamltest/builtin_actions.cmo
  OCAMLC ocamltest/translate.cmi
  OCAMLC ocamltest/translate.cmo
  OCAMLC ocamltest/ocaml_backends.cmi
  OCAMLC ocamltest/ocaml_backends.cmo
  OCAMLC ocamltest/ocaml_filetypes.cmi
  OCAMLC ocamltest/ocaml_filetypes.cmo
  OCAMLC ocamltest/ocaml_variables.cmi
  OCAMLC ocamltest/ocaml_variables.cmo
  OCAMLC ocamltest/ocaml_modifiers.cmi
  OCAMLC ocamltest/ocaml_modifiers.cmo
  OCAMLC ocamltest/ocaml_directories.cmi
  OCAMLC ocamltest/ocaml_directories.cmo
  OCAMLC ocamltest/ocaml_files.cmi
  OCAMLC ocamltest/ocaml_files.cmo
  OCAMLC ocamltest/ocaml_flags.cmi
  OCAMLC ocamltest/ocaml_flags.cmo
  OCAMLC ocamltest/ocaml_commands.cmi
  OCAMLC ocamltest/ocaml_commands.cmo
  OCAMLC ocamltest/ocaml_tools.cmi
  OCAMLC ocamltest/ocaml_tools.cmo
  OCAMLC ocamltest/ocaml_compilers.cmi
  OCAMLC ocamltest/ocaml_compilers.cmo
  OCAMLC ocamltest/ocaml_toplevels.cmi
  OCAMLC ocamltest/ocaml_toplevels.cmo
  OCAMLC ocamltest/ocaml_actions.cmi
  OCAMLC ocamltest/ocaml_actions.cmo
  OCAMLC ocamltest/ocaml_tests.cmi
  OCAMLC ocamltest/ocaml_tests.cmo
  OCAMLC ocamltest/options.cmi
  OCAMLC ocamltest/options.cmo
  OCAMLC ocamltest/main.cmi
  OCAMLC ocamltest/main.cmo
  LINKC ocamltest/ocamltest
  OCAMLC testsuite/lib/lib.cmi
  OCAMLC testsuite/lib/lib.cmo
  OCAMLC testsuite/lib/testing.cmi
  OCAMLC testsuite/lib/testing.cmo
  LINKC testsuite/lib/testing.cma
  OCAMLC testsuite/tools/expect.cmi
  OCAMLC testsuite/tools/expect.cmo
  LINKC testsuite/tools/expect
make[2] : on quitte le répertoire « /home/shindere/src/ocaml/trunk »
make othertools
make[2] : on entre dans le répertoire « /home/shindere/src/ocaml/trunk »
make lex-all
make[3] : on entre dans le répertoire « /home/shindere/src/ocaml/trunk »
make[3]: rien à faire pour « lex-all ».
make[3] : on quitte le répertoire « /home/shindere/src/ocaml/trunk »
make tools-all
make[3] : on entre dans le répertoire « /home/shindere/src/ocaml/trunk »
make[3]: rien à faire pour « tools-all ».
make[3] : on quitte le répertoire « /home/shindere/src/ocaml/trunk »
make -C otherlibs all
make[3] : on entre dans le répertoire « /home/shindere/src/ocaml/trunk/otherlibs »
for lib in runtime_events unix str systhreads; do (make -C $lib all) || exit $?; done
make[4] : on entre dans le répertoire « /home/shindere/src/ocaml/trunk/otherlibs/runtime_events »
make[4]: rien à faire pour « all ».
make[4] : on quitte le répertoire « /home/shindere/src/ocaml/trunk/otherlibs/runtime_events »
make[4] : on entre dans le répertoire « /home/shindere/src/ocaml/trunk/otherlibs/unix »
make[4]: rien à faire pour « all ».
make[4] : on quitte le répertoire « /home/shindere/src/ocaml/trunk/otherlibs/unix »
make[4] : on entre dans le répertoire « /home/shindere/src/ocaml/trunk/otherlibs/str »
make[4]: rien à faire pour « all ».
make[4] : on quitte le répertoire « /home/shindere/src/ocaml/trunk/otherlibs/str »
make[4] : on entre dans le répertoire « /home/shindere/src/ocaml/trunk/otherlibs/systhreads »
make[4]: rien à faire pour « all ».
make[4] : on quitte le répertoire « /home/shindere/src/ocaml/trunk/otherlibs/systhreads »
make[3] : on quitte le répertoire « /home/shindere/src/ocaml/trunk/otherlibs »
  OCAMLC tools/ocamltex.cmi
  OCAMLC tools/ocamltex.cmo
  LINKC tools/ocamltex
make[2] : on quitte le répertoire « /home/shindere/src/ocaml/trunk »
make manpages
make[2] : on entre dans le répertoire « /home/shindere/src/ocaml/trunk »
make -C api_docgen man
make[3] : on entre dans le répertoire « /home/shindere/src/ocaml/trunk/api_docgen »
make -C ocamldoc man
make[4] : on entre dans le répertoire « /home/shindere/src/ocaml/trunk/api_docgen/ocamldoc »
mkdir -p build/
  GEN build/Format_tutorial.mld
mkdir -p build/libref
  OCAMLDOC build/libref/Format_tutorial.odoc
  GEN build/Ocaml_operators.mld
  OCAMLDOC build/libref/Ocaml_operators.odoc
  OCAMLDOC build/libref/arg.odoc
  OCAMLDOC build/libref/array.odoc
  OCAMLDOC build/libref/arrayLabels.odoc
  OCAMLDOC build/libref/atomic.odoc
  OCAMLDOC build/libref/bigarray.odoc
  OCAMLDOC build/libref/bool.odoc
  OCAMLDOC build/libref/buffer.odoc
  OCAMLDOC build/libref/bytes.odoc
  OCAMLDOC build/libref/bytesLabels.odoc
  OCAMLDOC build/libref/callback.odoc
  OCAMLDOC build/libref/char.odoc
  OCAMLDOC build/libref/complex.odoc
  OCAMLDOC build/libref/condition.odoc
  OCAMLDOC build/libref/digest.odoc
  OCAMLDOC build/libref/domain.odoc
  OCAMLDOC build/libref/dynarray.odoc
  OCAMLDOC build/libref/dynlink.odoc
  OCAMLDOC build/libref/effect.odoc
  OCAMLDOC build/libref/either.odoc
  OCAMLDOC build/libref/ephemeron.odoc
  OCAMLDOC build/libref/event.odoc
  OCAMLDOC build/libref/filename.odoc
  OCAMLDOC build/libref/float.odoc
  OCAMLDOC build/libref/format.odoc
  OCAMLDOC build/libref/fun.odoc
  OCAMLDOC build/libref/gc.odoc
  OCAMLDOC build/libref/hashtbl.odoc
  OCAMLDOC build/libref/in_channel.odoc
  OCAMLDOC build/libref/int.odoc
  OCAMLDOC build/libref/int32.odoc
  OCAMLDOC build/libref/int64.odoc
  OCAMLDOC build/libref/lazy.odoc
  OCAMLDOC build/libref/lexing.odoc
  OCAMLDOC build/libref/list.odoc
  OCAMLDOC build/libref/listLabels.odoc
  OCAMLDOC build/libref/map.odoc
  OCAMLDOC build/libref/marshal.odoc
  OCAMLDOC build/libref/moreLabels.odoc
  OCAMLDOC build/libref/mutex.odoc
  OCAMLDOC build/libref/nativeint.odoc
  OCAMLDOC build/libref/obj.odoc
  OCAMLDOC build/libref/oo.odoc
  OCAMLDOC build/libref/option.odoc
  OCAMLDOC build/libref/out_channel.odoc
  OCAMLDOC build/libref/parsing.odoc
  OCAMLDOC build/libref/printexc.odoc
  OCAMLDOC build/libref/printf.odoc
  OCAMLDOC build/libref/queue.odoc
  OCAMLDOC build/libref/random.odoc
  OCAMLDOC build/libref/result.odoc
  OCAMLDOC build/libref/runtime_events.odoc
  OCAMLDOC build/libref/scanf.odoc
  OCAMLDOC build/libref/semaphore.odoc
  OCAMLDOC build/libref/seq.odoc
  OCAMLDOC build/libref/set.odoc
  OCAMLDOC build/libref/stack.odoc
  OCAMLDOC build/libref/stdLabels.odoc
  OCAMLDOC build/libref/stdlib.odoc
  OCAMLDOC build/libref/str.odoc
  OCAMLDOC build/libref/string.odoc
  OCAMLDOC build/libref/stringLabels.odoc
  OCAMLDOC build/libref/sys.odoc
  OCAMLDOC build/libref/thread.odoc
  OCAMLDOC build/libref/type.odoc
  OCAMLDOC build/libref/uchar.odoc
  OCAMLDOC build/libref/unit.odoc
  OCAMLDOC build/libref/unix.odoc
  OCAMLDOC build/libref/unixLabels.odoc
  OCAMLDOC build/libref/weak.odoc
  OCAMLDOC build/libref/camlinternalFormat.odoc
  OCAMLDOC build/libref/camlinternalFormatBasics.odoc
  OCAMLDOC build/libref/camlinternalLazy.odoc
  OCAMLDOC build/libref/camlinternalMod.odoc
  OCAMLDOC build/libref/camlinternalOO.odoc
  GEN build/Compiler_libs.mld
mkdir -p build/compilerlibref
  OCAMLDOC build/compilerlibref/Compiler_libs.odoc
  OCAMLDOC build/compilerlibref/ast_helper.odoc
  OCAMLDOC build/compilerlibref/ast_invariants.odoc
  OCAMLDOC build/compilerlibref/ast_iterator.odoc
  OCAMLDOC build/compilerlibref/ast_mapper.odoc
  OCAMLDOC build/compilerlibref/asttypes.odoc
  OCAMLDOC build/compilerlibref/attr_helper.odoc
  OCAMLDOC build/compilerlibref/builtin_attributes.odoc
  OCAMLDOC build/compilerlibref/camlinternalMenhirLib.odoc
  OCAMLDOC build/compilerlibref/depend.odoc
  OCAMLDOC build/compilerlibref/docstrings.odoc
  OCAMLDOC build/compilerlibref/lexer.odoc
  OCAMLDOC build/compilerlibref/location.odoc
  OCAMLDOC build/compilerlibref/longident.odoc
  OCAMLDOC build/compilerlibref/parse.odoc
  OCAMLDOC build/compilerlibref/parser.odoc
  OCAMLDOC build/compilerlibref/parsetree.odoc
  OCAMLDOC build/compilerlibref/pprintast.odoc
  OCAMLDOC build/compilerlibref/printast.odoc
  OCAMLDOC build/compilerlibref/syntaxerr.odoc
  OCAMLDOC build/compilerlibref/unit_info.odoc
  OCAMLDOC build/compilerlibref/arg_helper.odoc
  OCAMLDOC build/compilerlibref/binutils.odoc
  OCAMLDOC build/compilerlibref/build_path_prefix_map.odoc
  OCAMLDOC build/compilerlibref/ccomp.odoc
  OCAMLDOC build/compilerlibref/clflags.odoc
  OCAMLDOC build/compilerlibref/compression.odoc
  OCAMLDOC build/compilerlibref/config.odoc
  OCAMLDOC build/compilerlibref/config_boot.odoc
  OCAMLDOC build/compilerlibref/config_main.odoc
  OCAMLDOC build/compilerlibref/consistbl.odoc
  OCAMLDOC build/compilerlibref/diffing.odoc
  OCAMLDOC build/compilerlibref/diffing_with_keys.odoc
  OCAMLDOC build/compilerlibref/domainstate.odoc
  OCAMLDOC build/compilerlibref/format_doc.odoc
  OCAMLDOC build/compilerlibref/identifiable.odoc
  OCAMLDOC build/compilerlibref/int_replace_polymorphic_compare.odoc
  OCAMLDOC build/compilerlibref/lazy_backtrack.odoc
  OCAMLDOC build/compilerlibref/linkdeps.odoc
  OCAMLDOC build/compilerlibref/load_path.odoc
  OCAMLDOC build/compilerlibref/local_store.odoc
  OCAMLDOC build/compilerlibref/misc.odoc
  OCAMLDOC build/compilerlibref/numbers.odoc
  OCAMLDOC build/compilerlibref/profile.odoc
  OCAMLDOC build/compilerlibref/strongly_connected_components.odoc
  OCAMLDOC build/compilerlibref/targetint.odoc
  OCAMLDOC build/compilerlibref/terminfo.odoc
  OCAMLDOC build/compilerlibref/warnings.odoc
  OCAMLDOC build/compilerlibref/pparse.odoc
mkdir -p build/man
  OCAMLDOC build/man/Stdlib.3o
Warning: Element modname_from_source not found
make[4] : on quitte le répertoire « /home/shindere/src/ocaml/trunk/api_docgen/ocamldoc »
make[3] : on quitte le répertoire « /home/shindere/src/ocaml/trunk/api_docgen »
make[2] : on quitte le répertoire « /home/shindere/src/ocaml/trunk »
make[1] : on quitte le répertoire « /home/shindere/src/ocaml/trunk »
